<?xml version="1.0" encoding="UTF-8"?>
<testng-results ignored="0" total="1" passed="1" failed="0" skipped="0">
  <reporter-output>
  </reporter-output>
  <suite started-at="2025-03-28T15:14:58 IST" name="Default suite" finished-at="2025-03-28T15:14:58 IST" duration-ms="107">
    <groups>
    </groups>
    <test started-at="2025-03-28T15:14:58 IST" name="Default test" finished-at="2025-03-28T15:14:58 IST" duration-ms="107">
      <class name="Selenium.Demo">
        <test-method signature="f()[pri:0, instance:Selenium.Demo@206a70ef]" started-at="2025-03-28T15:14:58 IST" name="f" finished-at="2025-03-28T15:14:58 IST" duration-ms="21" status="PASS">
          <reporter-output>
          </reporter-output>
        </test-method> <!-- f -->
      </class> <!-- Selenium.Demo -->
    </test> <!-- Default test -->
  </suite> <!-- Default suite -->
</testng-results>
