<?xml version="1.0" encoding="UTF-8"?>
<testng-results ignored="0" total="1" passed="1" failed="0" skipped="0">
  <reporter-output>
  </reporter-output>
  <suite started-at="2025-03-29T16:01:45 IST" name="Default suite" finished-at="2025-03-29T16:01:45 IST" duration-ms="76">
    <groups>
    </groups>
    <test started-at="2025-03-29T16:01:45 IST" name="Default test" finished-at="2025-03-29T16:01:45 IST" duration-ms="76">
      <class name="Selenium.Demo1">
        <test-method signature="a1()[pri:0, instance:Selenium.Demo1@206a70ef]" started-at="2025-03-29T16:01:45 IST" name="a1" finished-at="2025-03-29T16:01:45 IST" duration-ms="13" status="PASS">
          <reporter-output>
          </reporter-output>
        </test-method> <!-- a1 -->
      </class> <!-- Selenium.Demo1 -->
    </test> <!-- Default test -->
  </suite> <!-- Default suite -->
</testng-results>
